<?xml version="1.0" encoding="UTF-8"?>
<!-- Generated by org.testng.reporters.JUnitXMLReporter -->
<testsuite hostname="DESKTOP-PKG19R7" ignored="0" name="Command line test" tests="12" failures="0" timestamp="22 Oct 2024 20:16:27 GMT" time="30.892" errors="0">
  <testcase name="ShouldBeAbleToAddTest" time="1.278" classname="todo.testcases.TodoTest"/>
  <testcase name="ShouldBeAbleToAddTest" time="1.029" classname="todo.testcases.TodoTest"/>
  <testcase name="ShouldBeAbleToAddTest" time="0.568" classname="todo.testcases.TodoTest"/>
  <testcase name="ShouldBeAbleToAddTest" time="0.887" classname="todo.testcases.TodoTest"/>
  <testcase name="ShouldBeAbleToDeleteTodoById" time="6.061" classname="todo.testcases.TodoTest"/>
  <testcase name="ShouldBeAbleToGetTodoById" time="5.14" classname="todo.testcases.TodoTest"/>
  <testcase name="ShouldNotBeAbleToGetAnotherUserTodoById" time="3.601" classname="todo.testcases.TodoTest"/>
  <testcase name="shouldnotBeAbleToAddTodoIfIsCompletedMissing" time="0.669" classname="todo.testcases.TodoTest"/>
  <testcase name="shouldBeAbleToRegister" time="1.463" classname="todo.testcases.UserTest"/>
  <testcase name="shouldBeableToLogin" time="1.551" classname="todo.testcases.UserTest"/>
  <testcase name="shouldnotBeableToLogin" time="3.071" classname="todo.testcases.UserTest"/>
  <testcase name="shouldnotBeableToRegister" time="5.376" classname="todo.testcases.UserTest"/>
</testsuite> <!-- Command line test -->
