<?xml version="1.0" encoding="UTF-8"?>
<testsuite xmlns:xsi="http://www.w3.org/2001/XMLSchema-instance" xsi:noNamespaceSchemaLocation="https://maven.apache.org/surefire/maven-surefire-plugin/xsd/surefire-test-report.xsd" version="3.0.2" name="TestSuite" time="16.332" tests="12" errors="0" skipped="0" failures="0">
  <properties>
[...]
</properties>
  <testcase name="shouldnotBeAbleToAddTodoIfIsCompletedMissing" classname="todo.testcases.TodoTest" time="1.512">
    <system-out><![CDATA[Request method:	POST
Request URI:	https://todo.qacart.com/api/v1/users/register
Proxy:			<none>
Request params:	<none>
Query params:	<none>
Form params:	<none>
Path params:	<none>
Headers:		Accept=*/*
				Content-Type=application/json
Cookies:		<none>
Multiparts:		<none>
Body:
{
    "firstName": "Becki",
    "lastName": "Sanford",
    "email": "joe.abshire@yahoo.com",
    "password": "12345678"
}
/C:/Users/aya/Documents/GitHub/todoApisProject/target/test-classes/TodoData.csv
false
Request method:	POST
Request URI:	https://todo.qacart.com/api/v1/users/register
Proxy:			<none>
Request params:	<none>
Query params:	<none>
Form params:	<none>
Path params:	<none>
Headers:		Accept=*/*
				Content-Type=application/json
Cookies:		<none>
Multiparts:		<none>
Body:
{
    "firstName": "Booker",
    "lastName": "Purdy",
    "email": "arden.mills@hotmail.com",
    "password": "12345678"
}
Request method:	POST
Request URI:	https://todo.qacart.com/api/v1/users/register
Proxy:			<none>
Request params:	<none>
Query params:	<none>
Form params:	<none>
Path params:	<none>
Headers:		Accept=*/*
				Content-Type=application/json
Cookies:		<none>
Multiparts:		<none>
Body:
{
    "firstName": "Gaye",
    "lastName": "Hessel",
    "email": "tenesha.mertz@gmail.com",
    "password": "12345678"
}
Request method:	POST
Request URI:	https://todo.qacart.com/api/v1/users/register
Proxy:			<none>
Request params:	<none>
Query params:	<none>
Form params:	<none>
Path params:	<none>
Headers:		Accept=*/*
				Content-Type=application/json
Cookies:		<none>
Multiparts:		<none>
Body:
{
    "firstName": "Bernie",
    "lastName": "Williamson",
    "email": "valery.carroll@yahoo.com",
    "password": "12345678"
}
Request method:	POST
Request URI:	https://todo.qacart.com/api/v1/users/register
Proxy:			<none>
Request params:	<none>
Query params:	<none>
Form params:	<none>
Path params:	<none>
Headers:		Accept=*/*
				Content-Type=application/json
Cookies:		<none>
Multiparts:		<none>
Body:
{
    "firstName": "Luigi",
    "lastName": "Mraz",
    "email": "wade.kub@hotmail.com",
    "password": "12345678"
}
Request method:	POST
Request URI:	https://todo.qacart.com/api/v1/users/register
Proxy:			<none>
Request params:	<none>
Query params:	<none>
Form params:	<none>
Path params:	<none>
Headers:		Accept=*/*
				Content-Type=application/json
Cookies:		<none>
Multiparts:		<none>
Body:
{
    "firstName": "Janee",
    "lastName": "Borer",
    "email": "palmer.ferry@gmail.com",
    "password": "12345678"
}
Request method:	DELETE
Request URI:	https://todo.qacart.com/api/v1/tasks/6716b2950f212c00148e5251
Proxy:			<none>
Request params:	<none>
Query params:	<none>
Form params:	<none>
Path params:	<none>
Headers:		Accept=*/*
				Content-Type=application/json
Cookies:		<none>
Multiparts:		<none>
Body:			<none>
Request method:	POST
Request URI:	https://todo.qacart.com/api/v1/tasks/
Proxy:			<none>
Request params:	<none>
Query params:	<none>
Form params:	<none>
Path params:	<none>
Headers:		Accept=*/*
				Content-Type=application/json
Cookies:		<none>
Multiparts:		<none>
Body:
{
    "isCompleted": false,
    "item": "Coco"
}
Request method:	POST
Request URI:	https://todo.qacart.com/api/v1/tasks/
Proxy:			<none>
Request params:	<none>
Query params:	<none>
Form params:	<none>
Path params:	<none>
Headers:		Accept=*/*
				Content-Type=application/json
Cookies:		<none>
Multiparts:		<none>
Body:
{
    "isCompleted": false,
    "item": "study list"
}
Request method:	POST
Request URI:	https://todo.qacart.com/api/v1/tasks/
Proxy:			<none>
Request params:	<none>
Query params:	<none>
Form params:	<none>
Path params:	<none>
Headers:		Accept=*/*
				Content-Type=application/json
Cookies:		<none>
Multiparts:		<none>
Body:
{
    "item": "Study List"
}
Request method:	POST
Request URI:	https://todo.qacart.com/api/v1/users/login
Proxy:			<none>
Request params:	<none>
Query params:	<none>
Form params:	<none>
Path params:	<none>
Headers:		Accept=*/*
				Content-Type=application/json
Cookies:		<none>
Multiparts:		<none>
Body:
{
    "email": "tenesha.mertz@gmail.com",
    "password": "wrongpass"
}
Request method:	GET
Request URI:	https://todo.qacart.com/api/v1/tasks/671ce9b57db0de0014806d20
Proxy:			<none>
Request params:	<none>
Query params:	<none>
Form params:	<none>
Path params:	<none>
Headers:		Accept=*/*
				Content-Type=application/json
Cookies:		<none>
Multiparts:		<none>
Body:			<none>
]]></system-out>
    <system-err><![CDATA[SLF4J(W): No SLF4J providers were found.
SLF4J(W): Defaulting to no-operation (NOP) logger implementation
SLF4J(W): See https://www.slf4j.org/codes.html#noProviders for further details.
]]></system-err>
  </testcase>
  <testcase name="ShouldBeAbleToAddTest[FALSE, study list](1)" classname="todo.testcases.TodoTest" time="1.744">
    <system-out><![CDATA[Request method:	POST
Request URI:	https://todo.qacart.com/api/v1/users/register
Proxy:			<none>
Request params:	<none>
Query params:	<none>
Form params:	<none>
Path params:	<none>
Headers:		Accept=*/*
				Content-Type=application/json
Cookies:		<none>
Multiparts:		<none>
Body:
{
    "firstName": "Booker",
    "lastName": "Purdy",
    "email": "arden.mills@hotmail.com",
    "password": "12345678"
}
]]></system-out>
  </testcase>
  <testcase name="ShouldBeAbleToDeleteTodoById" classname="todo.testcases.TodoTest" time="1.784"/>
  <testcase name="ShouldBeAbleToGetTodoById" classname="todo.testcases.TodoTest" time="0.144"/>
  <testcase name="ShouldBeAbleToAddTest[FALSE, work list](2)" classname="todo.testcases.TodoTest" time="0.592"/>
  <testcase name="ShouldBeAbleToAddTest[TRUE, work out list ](3)" classname="todo.testcases.TodoTest" time="0.512">
    <system-out><![CDATA[true
Request method:	POST
Request URI:	https://todo.qacart.com/api/v1/tasks/
Proxy:			<none>
Request params:	<none>
Query params:	<none>
Form params:	<none>
Path params:	<none>
Headers:		Accept=*/*
				Content-Type=application/json
Cookies:		<none>
Multiparts:		<none>
Body:
{
    "isCompleted": true,
    "item": "work out list "
}
Request method:	GET
Request URI:	https://todo.qacart.com/api/v1/tasks/671ce9b67db0de0014806d31
Proxy:			<none>
Request params:	<none>
Query params:	<none>
Form params:	<none>
Path params:	<none>
Headers:		Accept=*/*
				Content-Type=application/json
Cookies:		<none>
Multiparts:		<none>
Body:			<none>
]]></system-out>
  </testcase>
  <testcase name="ShouldNotBeAbleToGetAnotherUserTodoById" classname="todo.testcases.TodoTest" time="0.064">
    <system-out><![CDATA[false
Request method:	POST
Request URI:	https://todo.qacart.com/api/v1/tasks/
Proxy:			<none>
Request params:	<none>
Query params:	<none>
Form params:	<none>
Path params:	<none>
Headers:		Accept=*/*
				Content-Type=application/json
Cookies:		<none>
Multiparts:		<none>
Body:
{
    "isCompleted": false,
    "item": "Shopping List"
}
]]></system-out>
  </testcase>
  <testcase name="ShouldBeAbleToAddTest[FALSE, Shopping List](4)" classname="todo.testcases.TodoTest" time="0.528"/>
  <testcase name="shouldBeAbleToRegister" classname="todo.testcases.UserTest" time="1.784">
    <system-out><![CDATA[Request method:	POST
Request URI:	https://todo.qacart.com/api/v1/users/login
Proxy:			<none>
Request params:	<none>
Query params:	<none>
Form params:	<none>
Path params:	<none>
Headers:		Accept=*/*
				Content-Type=application/json
Cookies:		<none>
Multiparts:		<none>
Body:
{
    "email": "wade.kub@hotmail.com",
    "password": "12345678"
}
]]></system-out>
  </testcase>
  <testcase name="shouldnotBeableToLogin" classname="todo.testcases.UserTest" time="0.128">
    <system-out><![CDATA[Request method:	POST
Request URI:	https://todo.qacart.com/api/v1/tasks/
Proxy:			<none>
Request params:	<none>
Query params:	<none>
Form params:	<none>
Path params:	<none>
Headers:		Accept=*/*
				Content-Type=application/json
Cookies:		<none>
Multiparts:		<none>
Body:
{
    "isCompleted": false,
    "item": "Daisy"
}
false
Request method:	POST
Request URI:	https://todo.qacart.com/api/v1/tasks/
Proxy:			<none>
Request params:	<none>
Query params:	<none>
Form params:	<none>
Path params:	<none>
Headers:		Accept=*/*
				Content-Type=application/json
Cookies:		<none>
Multiparts:		<none>
Body:
{
    "isCompleted": false,
    "item": "work list"
}
]]></system-out>
  </testcase>
  <testcase name="shouldnotBeableToRegister" classname="todo.testcases.UserTest" time="0.44"/>
  <testcase name="shouldBeableToLogin" classname="todo.testcases.UserTest" time="0.544"/>
</testsuite>